{
  "RSpec": {
    "coverage": {
      "/Users/evan/git/newsie_q/lib/newsie_q.rb": [
        1,
        1,
        1
      ],
      "/Users/evan/git/newsie_q/lib/newsie_q/mailchimp.rb": [
        1,
        null,
        1,
        1,
        1,
        null,
        1,
        null,
        null,
        1,
        4,
        null,
        null,
        1,
        2,
        null,
        null,
        1,
        0,
        null,
        null,
        null,
        null
      ],
      "/Users/evan/git/newsie_q/lib/newsie_q/job.rb": [
        1,
        null,
        1,
        1,
        1,
        null,
        1,
        null,
        1,
        1,
        null,
        null,
        1,
        1,
        null,
        null,
        1,
        2,
        null,
        null,
        1,
        1,
        null,
        null,
        null,
        null,
        null,
        null
      ]
    },
    "timestamp": 1317764898
  }
}
