{
  "RSpec": {
    "coverage": {
      "/Users/evan/git/spree_mailing_lists/lib/spree_mailing_lists.rb": [
        1,
        null,
        1,
        1,
        1
      ],
      "/Users/evan/git/spree_mailing_lists/lib/spree_mailing_lists/engine.rb": [
        1,
        null,
        1,
        1,
        null,
        1,
        null,
        1,
        0,
        0,
        null,
        null,
        null,
        1,
        null,
        null
      ],
      "/Users/evan/git/spree_mailing_lists/lib/spree_mailing_lists/mailchimp.rb": [
        1,
        null,
        1,
        1,
        1,
        null,
        1,
        null,
        null,
        1,
        3,
        null,
        null,
        1,
        1,
        null,
        null,
        1,
        0,
        null,
        null,
        null,
        null
      ],
      "/Users/evan/git/spree_mailing_lists/lib/spree_mailing_lists/job.rb": [
        1,
        null,
        1,
        1,
        null,
        1,
        null,
        1,
        1,
        null,
        null,
        1,
        1,
        null,
        null,
        1,
        1,
        null,
        null,
        1,
        1,
        null,
        null,
        null,
        null,
        null,
        null
      ]
    },
    "timestamp": 1317679524
  }
}
